2023-06-27 00:10:31,970  INFO - FINISH
2023-06-27 09:16:59,838  INFO - START
2023-06-27 09:17:00,927  INFO - FINISH
2023-06-27 09:19:11,168  INFO - START
2023-06-27 09:19:11,673  INFO - FINISH
2023-06-27 09:21:28,546  INFO - START
2023-06-27 09:21:29,092  INFO - FINISH
2023-06-27 09:36:43,971  INFO - START
2023-06-27 09:36:44,744  INFO - FINISH
2023-06-27 09:58:02,113  INFO - START
2023-06-27 09:59:12,287  INFO - START
2023-06-27 09:59:51,213  INFO - START
2023-06-27 10:00:20,019  INFO - START
2023-06-27 10:00:53,363  INFO - START
2023-06-27 10:01:36,460  INFO - START
2023-06-27 10:01:58,101  INFO - START
2023-06-27 10:01:58,850 ERROR - No value specified for parameter 4
java.sql.SQLException: No value specified for parameter 4
	at com.mysql.jdbc.SQLError.createSQLException(SQLError.java:965)
	at com.mysql.jdbc.SQLError.createSQLException(SQLError.java:898)
	at com.mysql.jdbc.SQLError.createSQLException(SQLError.java:887)
	at com.mysql.jdbc.SQLError.createSQLException(SQLError.java:861)
	at com.mysql.jdbc.PreparedStatement.checkAllParametersSet(PreparedStatement.java:2211)
	at com.mysql.jdbc.PreparedStatement.fillSendPacket(PreparedStatement.java:2191)
	at com.mysql.jdbc.PreparedStatement.executeUpdateInternal(PreparedStatement.java:2058)
	at com.mysql.jdbc.PreparedStatement.executeUpdateInternal(PreparedStatement.java:2013)
	at com.mysql.jdbc.PreparedStatement.executeLargeUpdate(PreparedStatement.java:5104)
	at com.mysql.jdbc.PreparedStatement.executeUpdate(PreparedStatement.java:1998)
	at Sync.Warehouse_list(Sync.java:606)
	at Main.main(Main.java:44)
2023-06-27 10:02:11,003  INFO - START
2023-06-27 10:03:35,353  INFO - START
2023-06-27 10:07:42,440  INFO - START
2023-06-27 10:09:04,212  INFO - START
2023-06-27 10:09:05,808 ERROR - Data truncation: Data too long for column 'description' at row 1
com.mysql.jdbc.MysqlDataTruncation: Data truncation: Data too long for column 'description' at row 1
	at com.mysql.jdbc.MysqlIO.checkErrorPacket(MysqlIO.java:3974)
	at com.mysql.jdbc.MysqlIO.checkErrorPacket(MysqlIO.java:3912)
	at com.mysql.jdbc.MysqlIO.sendCommand(MysqlIO.java:2530)
	at com.mysql.jdbc.MysqlIO.sqlQueryDirect(MysqlIO.java:2683)
	at com.mysql.jdbc.ConnectionImpl.execSQL(ConnectionImpl.java:2486)
	at com.mysql.jdbc.PreparedStatement.executeInternal(PreparedStatement.java:1858)
	at com.mysql.jdbc.PreparedStatement.executeUpdateInternal(PreparedStatement.java:2079)
	at com.mysql.jdbc.PreparedStatement.executeUpdateInternal(PreparedStatement.java:2013)
	at com.mysql.jdbc.PreparedStatement.executeLargeUpdate(PreparedStatement.java:5104)
	at com.mysql.jdbc.PreparedStatement.executeUpdate(PreparedStatement.java:1998)
	at Sync.Warehouse_list(Sync.java:606)
	at Main.main(Main.java:44)
2023-06-27 10:09:29,326  INFO - START
2023-06-27 10:09:31,102  INFO - FINISH
2023-06-27 10:10:08,615  INFO - START
2023-06-27 10:10:10,600  INFO - FINISH
2023-06-27 10:10:29,672  INFO - START
2023-06-27 10:10:31,277  INFO - FINISH
2023-06-27 10:33:20,156  INFO - START
2023-06-27 10:34:37,185  INFO - FINISH
2023-06-27 10:36:59,462  INFO - START
2023-06-27 10:37:03,596 ERROR - Table 'db_accurate.tb_warehouse_detail' doesn't exist
com.mysql.jdbc.exceptions.jdbc4.MySQLSyntaxErrorException: Table 'db_accurate.tb_warehouse_detail' doesn't exist
	at java.base/jdk.internal.reflect.NativeConstructorAccessorImpl.newInstance0(Native Method)
	at java.base/jdk.internal.reflect.NativeConstructorAccessorImpl.newInstance(NativeConstructorAccessorImpl.java:77)
	at java.base/jdk.internal.reflect.DelegatingConstructorAccessorImpl.newInstance(DelegatingConstructorAccessorImpl.java:45)
	at java.base/java.lang.reflect.Constructor.newInstanceWithCaller(Constructor.java:499)
	at java.base/java.lang.reflect.Constructor.newInstance(Constructor.java:480)
	at com.mysql.jdbc.Util.handleNewInstance(Util.java:425)
	at com.mysql.jdbc.Util.getInstance(Util.java:408)
	at com.mysql.jdbc.SQLError.createSQLException(SQLError.java:944)
	at com.mysql.jdbc.MysqlIO.checkErrorPacket(MysqlIO.java:3976)
	at com.mysql.jdbc.MysqlIO.checkErrorPacket(MysqlIO.java:3912)
	at com.mysql.jdbc.MysqlIO.sendCommand(MysqlIO.java:2530)
	at com.mysql.jdbc.MysqlIO.sqlQueryDirect(MysqlIO.java:2683)
	at com.mysql.jdbc.ConnectionImpl.execSQL(ConnectionImpl.java:2486)
	at com.mysql.jdbc.PreparedStatement.executeInternal(PreparedStatement.java:1858)
	at com.mysql.jdbc.PreparedStatement.executeQuery(PreparedStatement.java:1966)
	at Sync.Warehouse_detail(Sync.java:681)
	at Sync.Warehouse_list(Sync.java:591)
	at Main.main(Main.java:44)
2023-06-27 10:37:26,625  INFO - START
2023-06-27 10:37:29,846 ERROR - Parameter index out of range (5 > number of parameters, which is 4).
java.sql.SQLException: Parameter index out of range (5 > number of parameters, which is 4).
	at com.mysql.jdbc.SQLError.createSQLException(SQLError.java:965)
	at com.mysql.jdbc.SQLError.createSQLException(SQLError.java:898)
	at com.mysql.jdbc.SQLError.createSQLException(SQLError.java:887)
	at com.mysql.jdbc.SQLError.createSQLException(SQLError.java:861)
	at com.mysql.jdbc.PreparedStatement.checkBounds(PreparedStatement.java:3327)
	at com.mysql.jdbc.PreparedStatement.setInternal(PreparedStatement.java:3312)
	at com.mysql.jdbc.PreparedStatement.setString(PreparedStatement.java:4027)
	at Sync.Warehouse_detail(Sync.java:690)
	at Sync.Warehouse_list(Sync.java:591)
	at Main.main(Main.java:44)
2023-06-27 10:39:19,230  INFO - START
2023-06-27 10:39:22,091 ERROR - Data truncation: Data too long for column 'street' at row 1
com.mysql.jdbc.MysqlDataTruncation: Data truncation: Data too long for column 'street' at row 1
	at com.mysql.jdbc.MysqlIO.checkErrorPacket(MysqlIO.java:3974)
	at com.mysql.jdbc.MysqlIO.checkErrorPacket(MysqlIO.java:3912)
	at com.mysql.jdbc.MysqlIO.sendCommand(MysqlIO.java:2530)
	at com.mysql.jdbc.MysqlIO.sqlQueryDirect(MysqlIO.java:2683)
	at com.mysql.jdbc.ConnectionImpl.execSQL(ConnectionImpl.java:2486)
	at com.mysql.jdbc.PreparedStatement.executeInternal(PreparedStatement.java:1858)
	at com.mysql.jdbc.PreparedStatement.executeUpdateInternal(PreparedStatement.java:2079)
	at com.mysql.jdbc.PreparedStatement.executeUpdateInternal(PreparedStatement.java:2013)
	at com.mysql.jdbc.PreparedStatement.executeLargeUpdate(PreparedStatement.java:5104)
	at com.mysql.jdbc.PreparedStatement.executeUpdate(PreparedStatement.java:1998)
	at Sync.Warehouse_detail(Sync.java:694)
	at Sync.Warehouse_list(Sync.java:591)
	at Main.main(Main.java:44)
2023-06-27 10:39:40,583  INFO - START
2023-06-27 10:39:43,609 ERROR - Data truncation: Data too long for column 'street' at row 1
com.mysql.jdbc.MysqlDataTruncation: Data truncation: Data too long for column 'street' at row 1
	at com.mysql.jdbc.MysqlIO.checkErrorPacket(MysqlIO.java:3974)
	at com.mysql.jdbc.MysqlIO.checkErrorPacket(MysqlIO.java:3912)
	at com.mysql.jdbc.MysqlIO.sendCommand(MysqlIO.java:2530)
	at com.mysql.jdbc.MysqlIO.sqlQueryDirect(MysqlIO.java:2683)
	at com.mysql.jdbc.ConnectionImpl.execSQL(ConnectionImpl.java:2486)
	at com.mysql.jdbc.PreparedStatement.executeInternal(PreparedStatement.java:1858)
	at com.mysql.jdbc.PreparedStatement.executeUpdateInternal(PreparedStatement.java:2079)
	at com.mysql.jdbc.PreparedStatement.executeUpdateInternal(PreparedStatement.java:2013)
	at com.mysql.jdbc.PreparedStatement.executeLargeUpdate(PreparedStatement.java:5104)
	at com.mysql.jdbc.PreparedStatement.executeUpdate(PreparedStatement.java:1998)
	at Sync.Warehouse_detail(Sync.java:694)
	at Sync.Warehouse_list(Sync.java:591)
	at Main.main(Main.java:44)
2023-06-27 10:39:58,240  INFO - START
2023-06-27 10:40:14,661  INFO - FINISH
2023-06-30 10:49:34,703  INFO - START
2023-06-30 10:49:51,480 ERROR - Unknown column 'idWh' in 'field list'
com.mysql.jdbc.exceptions.jdbc4.MySQLSyntaxErrorException: Unknown column 'idWh' in 'field list'
	at sun.reflect.NativeConstructorAccessorImpl.newInstance0(Native Method)
	at sun.reflect.NativeConstructorAccessorImpl.newInstance(NativeConstructorAccessorImpl.java:62)
	at sun.reflect.DelegatingConstructorAccessorImpl.newInstance(DelegatingConstructorAccessorImpl.java:45)
	at java.lang.reflect.Constructor.newInstance(Constructor.java:423)
	at com.mysql.jdbc.Util.handleNewInstance(Util.java:425)
	at com.mysql.jdbc.Util.getInstance(Util.java:408)
	at com.mysql.jdbc.SQLError.createSQLException(SQLError.java:944)
	at com.mysql.jdbc.MysqlIO.checkErrorPacket(MysqlIO.java:3976)
	at com.mysql.jdbc.MysqlIO.checkErrorPacket(MysqlIO.java:3912)
	at com.mysql.jdbc.MysqlIO.sendCommand(MysqlIO.java:2530)
	at com.mysql.jdbc.MysqlIO.sqlQueryDirect(MysqlIO.java:2683)
	at com.mysql.jdbc.ConnectionImpl.execSQL(ConnectionImpl.java:2482)
	at com.mysql.jdbc.ConnectionImpl.execSQL(ConnectionImpl.java:2440)
	at com.mysql.jdbc.StatementImpl.executeQuery(StatementImpl.java:1381)
	at Sync.item_list_stock(Sync.java:446)
	at Main.main(Main.java:44)
2023-06-30 10:51:15,829  INFO - START
2023-06-30 10:51:17,671 ERROR - Unknown column 'id' in 'field list'
com.mysql.jdbc.exceptions.jdbc4.MySQLSyntaxErrorException: Unknown column 'id' in 'field list'
	at sun.reflect.NativeConstructorAccessorImpl.newInstance0(Native Method)
	at sun.reflect.NativeConstructorAccessorImpl.newInstance(NativeConstructorAccessorImpl.java:62)
	at sun.reflect.DelegatingConstructorAccessorImpl.newInstance(DelegatingConstructorAccessorImpl.java:45)
	at java.lang.reflect.Constructor.newInstance(Constructor.java:423)
	at com.mysql.jdbc.Util.handleNewInstance(Util.java:425)
	at com.mysql.jdbc.Util.getInstance(Util.java:408)
	at com.mysql.jdbc.SQLError.createSQLException(SQLError.java:944)
	at com.mysql.jdbc.MysqlIO.checkErrorPacket(MysqlIO.java:3976)
	at com.mysql.jdbc.MysqlIO.checkErrorPacket(MysqlIO.java:3912)
	at com.mysql.jdbc.MysqlIO.sendCommand(MysqlIO.java:2530)
	at com.mysql.jdbc.MysqlIO.sqlQueryDirect(MysqlIO.java:2683)
	at com.mysql.jdbc.ConnectionImpl.execSQL(ConnectionImpl.java:2486)
	at com.mysql.jdbc.PreparedStatement.executeInternal(PreparedStatement.java:1858)
	at com.mysql.jdbc.PreparedStatement.executeQuery(PreparedStatement.java:1966)
	at Sync.Warehouse_list(Sync.java:597)
	at Main.main(Main.java:43)
2023-06-30 10:54:30,145  INFO - START
2023-06-30 10:54:31,648 ERROR - org.json.JSONArray incompatible with org.json.JSONObject
java.lang.ClassCastException: org.json.JSONArray incompatible with org.json.JSONObject
	at Sync.Warehouse_detail(Sync.java:664)
	at Sync.Warehouse_list(Sync.java:590)
	at Main.main(Main.java:43)
2023-06-30 11:08:32,980  INFO - START
2023-06-30 11:08:37,333 ERROR - org.json.JSONArray incompatible with org.json.JSONObject
java.lang.ClassCastException: org.json.JSONArray incompatible with org.json.JSONObject
	at Sync.Warehouse_detail(Sync.java:664)
	at Sync.Warehouse_list(Sync.java:590)
	at Main.main(Main.java:43)
2023-06-30 11:10:27,239  INFO - START
2023-06-30 11:10:28,810 ERROR - org.json.JSONArray incompatible with org.json.JSONObject
java.lang.ClassCastException: org.json.JSONArray incompatible with org.json.JSONObject
	at Sync.Warehouse_detail(Sync.java:664)
	at Sync.Warehouse_list(Sync.java:590)
	at Main.main(Main.java:43)
2023-06-30 11:25:32,121  INFO - START
2023-06-30 11:55:51,758  INFO - FINISH
2023-06-30 12:39:18,908  INFO - START
2023-06-30 13:11:00,667  INFO - FINISH
